<?xml version="1.0" encoding="UTF-8"?>
<testsuite xmlns:xsi="http://www.w3.org/2001/XMLSchema-instance" xsi:noNamespaceSchemaLocation="https://maven.apache.org/surefire/maven-surefire-plugin/xsd/surefire-test-report.xsd" name="com.yystorm.yystorm.YystormApplicationTests" time="1.226" tests="1" errors="0" skipped="0" failures="0">
  <properties>
    <property name="gopherProxySet" value="false"/>
    <property name="awt.toolkit" value="sun.lwawt.macosx.LWCToolkit"/>
    <property name="java.specification.version" value="11"/>
    <property name="sun.cpu.isalist" value=""/>
    <property name="sun.jnu.encoding" value="UTF-8"/>
    <property name="java.class.path" value="/Users/fengjinqi/Desktop/java/yystorm/target/test-classes:/Users/fengjinqi/Desktop/java/yystorm/target/classes:/Users/fengjinqi/Library/maven_repository/org/springframework/boot/spring-boot-starter-data-redis/2.2.10.RELEASE/spring-boot-starter-data-redis-2.2.10.RELEASE.jar:/Users/fengjinqi/Library/maven_repository/org/springframework/boot/spring-boot-starter/2.2.10.RELEASE/spring-boot-starter-2.2.10.RELEASE.jar:/Users/fengjinqi/Library/maven_repository/org/springframework/boot/spring-boot-starter-logging/2.2.10.RELEASE/spring-boot-starter-logging-2.2.10.RELEASE.jar:/Users/fengjinqi/Library/maven_repository/ch/qos/logback/logback-classic/1.2.3/logback-classic-1.2.3.jar:/Users/fengjinqi/Library/maven_repository/ch/qos/logback/logback-core/1.2.3/logback-core-1.2.3.jar:/Users/fengjinqi/Library/maven_repository/org/apache/logging/log4j/log4j-to-slf4j/2.12.1/log4j-to-slf4j-2.12.1.jar:/Users/fengjinqi/Library/maven_repository/org/apache/logging/log4j/log4j-api/2.12.1/log4j-api-2.12.1.jar:/Users/fengjinqi/Library/maven_repository/org/slf4j/jul-to-slf4j/1.7.30/jul-to-slf4j-1.7.30.jar:/Users/fengjinqi/Library/maven_repository/jakarta/annotation/jakarta.annotation-api/1.3.5/jakarta.annotation-api-1.3.5.jar:/Users/fengjinqi/Library/maven_repository/org/yaml/snakeyaml/1.25/snakeyaml-1.25.jar:/Users/fengjinqi/Library/maven_repository/org/springframework/data/spring-data-redis/2.2.10.RELEASE/spring-data-redis-2.2.10.RELEASE.jar:/Users/fengjinqi/Library/maven_repository/org/springframework/data/spring-data-keyvalue/2.2.10.RELEASE/spring-data-keyvalue-2.2.10.RELEASE.jar:/Users/fengjinqi/Library/maven_repository/org/springframework/data/spring-data-commons/2.2.10.RELEASE/spring-data-commons-2.2.10.RELEASE.jar:/Users/fengjinqi/Library/maven_repository/org/springframework/spring-tx/5.2.9.RELEASE/spring-tx-5.2.9.RELEASE.jar:/Users/fengjinqi/Library/maven_repository/org/springframework/spring-oxm/5.2.9.RELEASE/spring-oxm-5.2.9.RELEASE.jar:/Users/fengjinqi/Library/maven_repository/org/springframework/spring-aop/5.2.9.RELEASE/spring-aop-5.2.9.RELEASE.jar:/Users/fengjinqi/Library/maven_repository/io/lettuce/lettuce-core/5.2.2.RELEASE/lettuce-core-5.2.2.RELEASE.jar:/Users/fengjinqi/Library/maven_repository/io/netty/netty-common/4.1.52.Final/netty-common-4.1.52.Final.jar:/Users/fengjinqi/Library/maven_repository/io/netty/netty-handler/4.1.52.Final/netty-handler-4.1.52.Final.jar:/Users/fengjinqi/Library/maven_repository/io/netty/netty-resolver/4.1.52.Final/netty-resolver-4.1.52.Final.jar:/Users/fengjinqi/Library/maven_repository/io/netty/netty-buffer/4.1.52.Final/netty-buffer-4.1.52.Final.jar:/Users/fengjinqi/Library/maven_repository/io/netty/netty-codec/4.1.52.Final/netty-codec-4.1.52.Final.jar:/Users/fengjinqi/Library/maven_repository/io/netty/netty-transport/4.1.52.Final/netty-transport-4.1.52.Final.jar:/Users/fengjinqi/Library/maven_repository/org/springframework/boot/spring-boot-starter-web/2.2.10.RELEASE/spring-boot-starter-web-2.2.10.RELEASE.jar:/Users/fengjinqi/Library/maven_repository/org/springframework/boot/spring-boot-starter-json/2.2.10.RELEASE/spring-boot-starter-json-2.2.10.RELEASE.jar:/Users/fengjinqi/Library/maven_repository/com/fasterxml/jackson/datatype/jackson-datatype-jdk8/2.10.5/jackson-datatype-jdk8-2.10.5.jar:/Users/fengjinqi/Library/maven_repository/com/fasterxml/jackson/datatype/jackson-datatype-jsr310/2.10.5/jackson-datatype-jsr310-2.10.5.jar:/Users/fengjinqi/Library/maven_repository/com/fasterxml/jackson/module/jackson-module-parameter-names/2.10.5/jackson-module-parameter-names-2.10.5.jar:/Users/fengjinqi/Library/maven_repository/org/springframework/boot/spring-boot-starter-tomcat/2.2.10.RELEASE/spring-boot-starter-tomcat-2.2.10.RELEASE.jar:/Users/fengjinqi/Library/maven_repository/org/apache/tomcat/embed/tomcat-embed-core/9.0.38/tomcat-embed-core-9.0.38.jar:/Users/fengjinqi/Library/maven_repository/org/apache/tomcat/embed/tomcat-embed-el/9.0.38/tomcat-embed-el-9.0.38.jar:/Users/fengjinqi/Library/maven_repository/org/apache/tomcat/embed/tomcat-embed-websocket/9.0.38/tomcat-embed-websocket-9.0.38.jar:/Users/fengjinqi/Library/maven_repository/org/springframework/boot/spring-boot-starter-validation/2.2.10.RELEASE/spring-boot-starter-validation-2.2.10.RELEASE.jar:/Users/fengjinqi/Library/maven_repository/jakarta/validation/jakarta.validation-api/2.0.2/jakarta.validation-api-2.0.2.jar:/Users/fengjinqi/Library/maven_repository/org/hibernate/validator/hibernate-validator/6.0.20.Final/hibernate-validator-6.0.20.Final.jar:/Users/fengjinqi/Library/maven_repository/org/jboss/logging/jboss-logging/3.4.1.Final/jboss-logging-3.4.1.Final.jar:/Users/fengjinqi/Library/maven_repository/org/springframework/spring-web/5.2.9.RELEASE/spring-web-5.2.9.RELEASE.jar:/Users/fengjinqi/Library/maven_repository/org/springframework/spring-beans/5.2.9.RELEASE/spring-beans-5.2.9.RELEASE.jar:/Users/fengjinqi/Library/maven_repository/org/springframework/spring-webmvc/5.2.9.RELEASE/spring-webmvc-5.2.9.RELEASE.jar:/Users/fengjinqi/Library/maven_repository/org/springframework/spring-context/5.2.9.RELEASE/spring-context-5.2.9.RELEASE.jar:/Users/fengjinqi/Library/maven_repository/org/springframework/spring-expression/5.2.9.RELEASE/spring-expression-5.2.9.RELEASE.jar:/Users/fengjinqi/Library/maven_repository/org/springframework/boot/spring-boot-starter-websocket/2.2.10.RELEASE/spring-boot-starter-websocket-2.2.10.RELEASE.jar:/Users/fengjinqi/Library/maven_repository/org/springframework/spring-messaging/5.2.9.RELEASE/spring-messaging-5.2.9.RELEASE.jar:/Users/fengjinqi/Library/maven_repository/org/springframework/spring-websocket/5.2.9.RELEASE/spring-websocket-5.2.9.RELEASE.jar:/Users/fengjinqi/Library/maven_repository/org/springframework/boot/spring-boot-devtools/2.2.10.RELEASE/spring-boot-devtools-2.2.10.RELEASE.jar:/Users/fengjinqi/Library/maven_repository/org/springframework/boot/spring-boot/2.2.10.RELEASE/spring-boot-2.2.10.RELEASE.jar:/Users/fengjinqi/Library/maven_repository/org/springframework/boot/spring-boot-autoconfigure/2.2.10.RELEASE/spring-boot-autoconfigure-2.2.10.RELEASE.jar:/Users/fengjinqi/Library/maven_repository/mysql/mysql-connector-java/8.0.21/mysql-connector-java-8.0.21.jar:/Users/fengjinqi/Library/maven_repository/com/alibaba/druid/1.1.21/druid-1.1.21.jar:/Users/fengjinqi/Library/maven_repository/log4j/log4j/1.2.17/log4j-1.2.17.jar:/Users/fengjinqi/Library/maven_repository/com/baomidou/mybatis-plus-boot-starter/3.4.0/mybatis-plus-boot-starter-3.4.0.jar:/Users/fengjinqi/Library/maven_repository/com/baomidou/mybatis-plus/3.4.0/mybatis-plus-3.4.0.jar:/Users/fengjinqi/Library/maven_repository/org/springframework/boot/spring-boot-starter-jdbc/2.2.10.RELEASE/spring-boot-starter-jdbc-2.2.10.RELEASE.jar:/Users/fengjinqi/Library/maven_repository/com/zaxxer/HikariCP/3.4.5/HikariCP-3.4.5.jar:/Users/fengjinqi/Library/maven_repository/org/springframework/spring-jdbc/5.2.9.RELEASE/spring-jdbc-5.2.9.RELEASE.jar:/Users/fengjinqi/Library/maven_repository/com/baomidou/mybatis-plus-generator/3.4.0/mybatis-plus-generator-3.4.0.jar:/Users/fengjinqi/Library/maven_repository/com/baomidou/mybatis-plus-extension/3.4.0/mybatis-plus-extension-3.4.0.jar:/Users/fengjinqi/Library/maven_repository/com/baomidou/mybatis-plus-core/3.4.0/mybatis-plus-core-3.4.0.jar:/Users/fengjinqi/Library/maven_repository/com/baomidou/mybatis-plus-annotation/3.4.0/mybatis-plus-annotation-3.4.0.jar:/Users/fengjinqi/Library/maven_repository/com/github/jsqlparser/jsqlparser/3.2/jsqlparser-3.2.jar:/Users/fengjinqi/Library/maven_repository/org/mybatis/mybatis/3.5.5/mybatis-3.5.5.jar:/Users/fengjinqi/Library/maven_repository/org/mybatis/mybatis-spring/2.0.5/mybatis-spring-2.0.5.jar:/Users/fengjinqi/Library/maven_repository/org/apache/velocity/velocity-engine-core/2.2/velocity-engine-core-2.2.jar:/Users/fengjinqi/Library/maven_repository/org/apache/commons/commons-lang3/3.9/commons-lang3-3.9.jar:/Users/fengjinqi/Library/maven_repository/org/slf4j/slf4j-api/1.7.30/slf4j-api-1.7.30.jar:/Users/fengjinqi/Library/maven_repository/org/springframework/boot/spring-boot-starter-mail/2.2.10.RELEASE/spring-boot-starter-mail-2.2.10.RELEASE.jar:/Users/fengjinqi/Library/maven_repository/org/springframework/spring-context-support/5.2.9.RELEASE/spring-context-support-5.2.9.RELEASE.jar:/Users/fengjinqi/Library/maven_repository/com/sun/mail/jakarta.mail/1.6.5/jakarta.mail-1.6.5.jar:/Users/fengjinqi/Library/maven_repository/com/sun/activation/jakarta.activation/1.2.2/jakarta.activation-1.2.2.jar:/Users/fengjinqi/Library/maven_repository/com/fasterxml/jackson/core/jackson-databind/2.9.10.6/jackson-databind-2.9.10.6.jar:/Users/fengjinqi/Library/maven_repository/com/fasterxml/jackson/core/jackson-annotations/2.10.5/jackson-annotations-2.10.5.jar:/Users/fengjinqi/Library/maven_repository/com/fasterxml/jackson/core/jackson-core/2.10.5/jackson-core-2.10.5.jar:/Users/fengjinqi/Library/maven_repository/io/springfox/springfox-swagger2/2.4.0/springfox-swagger2-2.4.0.jar:/Users/fengjinqi/Library/maven_repository/io/swagger/swagger-annotations/1.5.6/swagger-annotations-1.5.6.jar:/Users/fengjinqi/Library/maven_repository/io/swagger/swagger-models/1.5.6/swagger-models-1.5.6.jar:/Users/fengjinqi/Library/maven_repository/io/springfox/springfox-spi/2.4.0/springfox-spi-2.4.0.jar:/Users/fengjinqi/Library/maven_repository/io/springfox/springfox-core/2.4.0/springfox-core-2.4.0.jar:/Users/fengjinqi/Library/maven_repository/io/springfox/springfox-schema/2.4.0/springfox-schema-2.4.0.jar:/Users/fengjinqi/Library/maven_repository/io/springfox/springfox-swagger-common/2.4.0/springfox-swagger-common-2.4.0.jar:/Users/fengjinqi/Library/maven_repository/io/springfox/springfox-spring-web/2.4.0/springfox-spring-web-2.4.0.jar:/Users/fengjinqi/Library/maven_repository/com/google/guava/guava/18.0/guava-18.0.jar:/Users/fengjinqi/Library/maven_repository/com/fasterxml/classmate/1.5.1/classmate-1.5.1.jar:/Users/fengjinqi/Library/maven_repository/org/springframework/plugin/spring-plugin-core/1.2.0.RELEASE/spring-plugin-core-1.2.0.RELEASE.jar:/Users/fengjinqi/Library/maven_repository/org/springframework/plugin/spring-plugin-metadata/1.2.0.RELEASE/spring-plugin-metadata-1.2.0.RELEASE.jar:/Users/fengjinqi/Library/maven_repository/io/springfox/springfox-swagger-ui/2.4.0/springfox-swagger-ui-2.4.0.jar:/Users/fengjinqi/Library/maven_repository/com/github/xiaoymin/swagger-bootstrap-ui/1.6/swagger-bootstrap-ui-1.6.jar:/Users/fengjinqi/Library/maven_repository/io/jsonwebtoken/jjwt/0.9.1/jjwt-0.9.1.jar:/Users/fengjinqi/Library/maven_repository/javax/xml/bind/jaxb-api/2.3.0/jaxb-api-2.3.0.jar:/Users/fengjinqi/Library/maven_repository/com/aliyun/oss/aliyun-sdk-oss/3.10.2/aliyun-sdk-oss-3.10.2.jar:/Users/fengjinqi/Library/maven_repository/org/apache/httpcomponents/httpclient/4.5.12/httpclient-4.5.12.jar:/Users/fengjinqi/Library/maven_repository/org/apache/httpcomponents/httpcore/4.4.13/httpcore-4.4.13.jar:/Users/fengjinqi/Library/maven_repository/commons-codec/commons-codec/1.13/commons-codec-1.13.jar:/Users/fengjinqi/Library/maven_repository/org/jdom/jdom2/2.0.6/jdom2-2.0.6.jar:/Users/fengjinqi/Library/maven_repository/org/codehaus/jettison/jettison/1.1/jettison-1.1.jar:/Users/fengjinqi/Library/maven_repository/stax/stax-api/1.0.1/stax-api-1.0.1.jar:/Users/fengjinqi/Library/maven_repository/com/aliyun/aliyun-java-sdk-core/3.4.0/aliyun-java-sdk-core-3.4.0.jar:/Users/fengjinqi/Library/maven_repository/com/aliyun/aliyun-java-sdk-ram/3.0.0/aliyun-java-sdk-ram-3.0.0.jar:/Users/fengjinqi/Library/maven_repository/com/aliyun/aliyun-java-sdk-sts/3.0.0/aliyun-java-sdk-sts-3.0.0.jar:/Users/fengjinqi/Library/maven_repository/com/aliyun/aliyun-java-sdk-ecs/4.2.0/aliyun-java-sdk-ecs-4.2.0.jar:/Users/fengjinqi/Library/maven_repository/com/aliyun/aliyun-java-sdk-kms/2.7.0/aliyun-java-sdk-kms-2.7.0.jar:/Users/fengjinqi/Library/maven_repository/com/google/code/gson/gson/2.8.6/gson-2.8.6.jar:/Users/fengjinqi/Library/maven_repository/cn/hutool/hutool-all/5.4.1/hutool-all-5.4.1.jar:/Users/fengjinqi/Library/maven_repository/org/projectlombok/lombok/1.18.12/lombok-1.18.12.jar:/Users/fengjinqi/Library/maven_repository/org/springframework/boot/spring-boot-starter-test/2.2.10.RELEASE/spring-boot-starter-test-2.2.10.RELEASE.jar:/Users/fengjinqi/Library/maven_repository/org/springframework/boot/spring-boot-test/2.2.10.RELEASE/spring-boot-test-2.2.10.RELEASE.jar:/Users/fengjinqi/Library/maven_repository/org/springframework/boot/spring-boot-test-autoconfigure/2.2.10.RELEASE/spring-boot-test-autoconfigure-2.2.10.RELEASE.jar:/Users/fengjinqi/Library/maven_repository/com/jayway/jsonpath/json-path/2.4.0/json-path-2.4.0.jar:/Users/fengjinqi/Library/maven_repository/net/minidev/json-smart/2.3/json-smart-2.3.jar:/Users/fengjinqi/Library/maven_repository/net/minidev/accessors-smart/1.2/accessors-smart-1.2.jar:/Users/fengjinqi/Library/maven_repository/org/ow2/asm/asm/5.0.4/asm-5.0.4.jar:/Users/fengjinqi/Library/maven_repository/jakarta/xml/bind/jakarta.xml.bind-api/2.3.3/jakarta.xml.bind-api-2.3.3.jar:/Users/fengjinqi/Library/maven_repository/jakarta/activation/jakarta.activation-api/1.2.2/jakarta.activation-api-1.2.2.jar:/Users/fengjinqi/Library/maven_repository/org/junit/jupiter/junit-jupiter/5.5.2/junit-jupiter-5.5.2.jar:/Users/fengjinqi/Library/maven_repository/org/junit/jupiter/junit-jupiter-api/5.5.2/junit-jupiter-api-5.5.2.jar:/Users/fengjinqi/Library/maven_repository/org/apiguardian/apiguardian-api/1.1.0/apiguardian-api-1.1.0.jar:/Users/fengjinqi/Library/maven_repository/org/opentest4j/opentest4j/1.2.0/opentest4j-1.2.0.jar:/Users/fengjinqi/Library/maven_repository/org/junit/platform/junit-platform-commons/1.5.2/junit-platform-commons-1.5.2.jar:/Users/fengjinqi/Library/maven_repository/org/junit/jupiter/junit-jupiter-params/5.5.2/junit-jupiter-params-5.5.2.jar:/Users/fengjinqi/Library/maven_repository/org/junit/jupiter/junit-jupiter-engine/5.5.2/junit-jupiter-engine-5.5.2.jar:/Users/fengjinqi/Library/maven_repository/org/junit/platform/junit-platform-engine/1.5.2/junit-platform-engine-1.5.2.jar:/Users/fengjinqi/Library/maven_repository/org/mockito/mockito-junit-jupiter/3.1.0/mockito-junit-jupiter-3.1.0.jar:/Users/fengjinqi/Library/maven_repository/org/assertj/assertj-core/3.13.2/assertj-core-3.13.2.jar:/Users/fengjinqi/Library/maven_repository/org/hamcrest/hamcrest/2.1/hamcrest-2.1.jar:/Users/fengjinqi/Library/maven_repository/org/mockito/mockito-core/3.1.0/mockito-core-3.1.0.jar:/Users/fengjinqi/Library/maven_repository/net/bytebuddy/byte-buddy/1.10.14/byte-buddy-1.10.14.jar:/Users/fengjinqi/Library/maven_repository/net/bytebuddy/byte-buddy-agent/1.10.14/byte-buddy-agent-1.10.14.jar:/Users/fengjinqi/Library/maven_repository/org/objenesis/objenesis/2.6/objenesis-2.6.jar:/Users/fengjinqi/Library/maven_repository/org/skyscreamer/jsonassert/1.5.0/jsonassert-1.5.0.jar:/Users/fengjinqi/Library/maven_repository/com/vaadin/external/google/android-json/0.0.20131108.vaadin1/android-json-0.0.20131108.vaadin1.jar:/Users/fengjinqi/Library/maven_repository/org/springframework/spring-core/5.2.9.RELEASE/spring-core-5.2.9.RELEASE.jar:/Users/fengjinqi/Library/maven_repository/org/springframework/spring-jcl/5.2.9.RELEASE/spring-jcl-5.2.9.RELEASE.jar:/Users/fengjinqi/Library/maven_repository/org/springframework/spring-test/5.2.9.RELEASE/spring-test-5.2.9.RELEASE.jar:/Users/fengjinqi/Library/maven_repository/org/xmlunit/xmlunit-core/2.6.4/xmlunit-core-2.6.4.jar:/Users/fengjinqi/Library/maven_repository/io/projectreactor/reactor-test/3.3.10.RELEASE/reactor-test-3.3.10.RELEASE.jar:/Users/fengjinqi/Library/maven_repository/io/projectreactor/reactor-core/3.3.10.RELEASE/reactor-core-3.3.10.RELEASE.jar:/Users/fengjinqi/Library/maven_repository/org/reactivestreams/reactive-streams/1.0.3/reactive-streams-1.0.3.jar:/Users/fengjinqi/Library/maven_repository/junit/junit/4.12/junit-4.12.jar:/Users/fengjinqi/Library/maven_repository/org/hamcrest/hamcrest-core/2.1/hamcrest-core-2.1.jar:"/>
    <property name="java.vm.vendor" value="Oracle Corporation"/>
    <property name="sun.arch.data.model" value="64"/>
    <property name="java.vendor.url" value="http://java.oracle.com/"/>
    <property name="user.timezone" value=""/>
    <property name="java.vm.specification.version" value="11"/>
    <property name="os.name" value="Mac OS X"/>
    <property name="sun.java.launcher" value="SUN_STANDARD"/>
    <property name="user.country" value="CN"/>
    <property name="sun.boot.library.path" value="/Library/Java/JavaVirtualMachines/jdk-11.0.6.jdk/Contents/Home/lib"/>
    <property name="sun.java.command" value="/Users/fengjinqi/Desktop/java/yystorm/target/surefire/surefirebooter17774796646078630344.jar /Users/fengjinqi/Desktop/java/yystorm/target/surefire 2020-11-10T14-13-49_841-jvmRun1 surefire6980683467736012407tmp surefire_013100447451292097236tmp"/>
    <property name="jdk.debug" value="release"/>
    <property name="surefire.test.class.path" value="/Users/fengjinqi/Desktop/java/yystorm/target/test-classes:/Users/fengjinqi/Desktop/java/yystorm/target/classes:/Users/fengjinqi/Library/maven_repository/org/springframework/boot/spring-boot-starter-data-redis/2.2.10.RELEASE/spring-boot-starter-data-redis-2.2.10.RELEASE.jar:/Users/fengjinqi/Library/maven_repository/org/springframework/boot/spring-boot-starter/2.2.10.RELEASE/spring-boot-starter-2.2.10.RELEASE.jar:/Users/fengjinqi/Library/maven_repository/org/springframework/boot/spring-boot-starter-logging/2.2.10.RELEASE/spring-boot-starter-logging-2.2.10.RELEASE.jar:/Users/fengjinqi/Library/maven_repository/ch/qos/logback/logback-classic/1.2.3/logback-classic-1.2.3.jar:/Users/fengjinqi/Library/maven_repository/ch/qos/logback/logback-core/1.2.3/logback-core-1.2.3.jar:/Users/fengjinqi/Library/maven_repository/org/apache/logging/log4j/log4j-to-slf4j/2.12.1/log4j-to-slf4j-2.12.1.jar:/Users/fengjinqi/Library/maven_repository/org/apache/logging/log4j/log4j-api/2.12.1/log4j-api-2.12.1.jar:/Users/fengjinqi/Library/maven_repository/org/slf4j/jul-to-slf4j/1.7.30/jul-to-slf4j-1.7.30.jar:/Users/fengjinqi/Library/maven_repository/jakarta/annotation/jakarta.annotation-api/1.3.5/jakarta.annotation-api-1.3.5.jar:/Users/fengjinqi/Library/maven_repository/org/yaml/snakeyaml/1.25/snakeyaml-1.25.jar:/Users/fengjinqi/Library/maven_repository/org/springframework/data/spring-data-redis/2.2.10.RELEASE/spring-data-redis-2.2.10.RELEASE.jar:/Users/fengjinqi/Library/maven_repository/org/springframework/data/spring-data-keyvalue/2.2.10.RELEASE/spring-data-keyvalue-2.2.10.RELEASE.jar:/Users/fengjinqi/Library/maven_repository/org/springframework/data/spring-data-commons/2.2.10.RELEASE/spring-data-commons-2.2.10.RELEASE.jar:/Users/fengjinqi/Library/maven_repository/org/springframework/spring-tx/5.2.9.RELEASE/spring-tx-5.2.9.RELEASE.jar:/Users/fengjinqi/Library/maven_repository/org/springframework/spring-oxm/5.2.9.RELEASE/spring-oxm-5.2.9.RELEASE.jar:/Users/fengjinqi/Library/maven_repository/org/springframework/spring-aop/5.2.9.RELEASE/spring-aop-5.2.9.RELEASE.jar:/Users/fengjinqi/Library/maven_repository/io/lettuce/lettuce-core/5.2.2.RELEASE/lettuce-core-5.2.2.RELEASE.jar:/Users/fengjinqi/Library/maven_repository/io/netty/netty-common/4.1.52.Final/netty-common-4.1.52.Final.jar:/Users/fengjinqi/Library/maven_repository/io/netty/netty-handler/4.1.52.Final/netty-handler-4.1.52.Final.jar:/Users/fengjinqi/Library/maven_repository/io/netty/netty-resolver/4.1.52.Final/netty-resolver-4.1.52.Final.jar:/Users/fengjinqi/Library/maven_repository/io/netty/netty-buffer/4.1.52.Final/netty-buffer-4.1.52.Final.jar:/Users/fengjinqi/Library/maven_repository/io/netty/netty-codec/4.1.52.Final/netty-codec-4.1.52.Final.jar:/Users/fengjinqi/Library/maven_repository/io/netty/netty-transport/4.1.52.Final/netty-transport-4.1.52.Final.jar:/Users/fengjinqi/Library/maven_repository/org/springframework/boot/spring-boot-starter-web/2.2.10.RELEASE/spring-boot-starter-web-2.2.10.RELEASE.jar:/Users/fengjinqi/Library/maven_repository/org/springframework/boot/spring-boot-starter-json/2.2.10.RELEASE/spring-boot-starter-json-2.2.10.RELEASE.jar:/Users/fengjinqi/Library/maven_repository/com/fasterxml/jackson/datatype/jackson-datatype-jdk8/2.10.5/jackson-datatype-jdk8-2.10.5.jar:/Users/fengjinqi/Library/maven_repository/com/fasterxml/jackson/datatype/jackson-datatype-jsr310/2.10.5/jackson-datatype-jsr310-2.10.5.jar:/Users/fengjinqi/Library/maven_repository/com/fasterxml/jackson/module/jackson-module-parameter-names/2.10.5/jackson-module-parameter-names-2.10.5.jar:/Users/fengjinqi/Library/maven_repository/org/springframework/boot/spring-boot-starter-tomcat/2.2.10.RELEASE/spring-boot-starter-tomcat-2.2.10.RELEASE.jar:/Users/fengjinqi/Library/maven_repository/org/apache/tomcat/embed/tomcat-embed-core/9.0.38/tomcat-embed-core-9.0.38.jar:/Users/fengjinqi/Library/maven_repository/org/apache/tomcat/embed/tomcat-embed-el/9.0.38/tomcat-embed-el-9.0.38.jar:/Users/fengjinqi/Library/maven_repository/org/apache/tomcat/embed/tomcat-embed-websocket/9.0.38/tomcat-embed-websocket-9.0.38.jar:/Users/fengjinqi/Library/maven_repository/org/springframework/boot/spring-boot-starter-validation/2.2.10.RELEASE/spring-boot-starter-validation-2.2.10.RELEASE.jar:/Users/fengjinqi/Library/maven_repository/jakarta/validation/jakarta.validation-api/2.0.2/jakarta.validation-api-2.0.2.jar:/Users/fengjinqi/Library/maven_repository/org/hibernate/validator/hibernate-validator/6.0.20.Final/hibernate-validator-6.0.20.Final.jar:/Users/fengjinqi/Library/maven_repository/org/jboss/logging/jboss-logging/3.4.1.Final/jboss-logging-3.4.1.Final.jar:/Users/fengjinqi/Library/maven_repository/org/springframework/spring-web/5.2.9.RELEASE/spring-web-5.2.9.RELEASE.jar:/Users/fengjinqi/Library/maven_repository/org/springframework/spring-beans/5.2.9.RELEASE/spring-beans-5.2.9.RELEASE.jar:/Users/fengjinqi/Library/maven_repository/org/springframework/spring-webmvc/5.2.9.RELEASE/spring-webmvc-5.2.9.RELEASE.jar:/Users/fengjinqi/Library/maven_repository/org/springframework/spring-context/5.2.9.RELEASE/spring-context-5.2.9.RELEASE.jar:/Users/fengjinqi/Library/maven_repository/org/springframework/spring-expression/5.2.9.RELEASE/spring-expression-5.2.9.RELEASE.jar:/Users/fengjinqi/Library/maven_repository/org/springframework/boot/spring-boot-starter-websocket/2.2.10.RELEASE/spring-boot-starter-websocket-2.2.10.RELEASE.jar:/Users/fengjinqi/Library/maven_repository/org/springframework/spring-messaging/5.2.9.RELEASE/spring-messaging-5.2.9.RELEASE.jar:/Users/fengjinqi/Library/maven_repository/org/springframework/spring-websocket/5.2.9.RELEASE/spring-websocket-5.2.9.RELEASE.jar:/Users/fengjinqi/Library/maven_repository/org/springframework/boot/spring-boot-devtools/2.2.10.RELEASE/spring-boot-devtools-2.2.10.RELEASE.jar:/Users/fengjinqi/Library/maven_repository/org/springframework/boot/spring-boot/2.2.10.RELEASE/spring-boot-2.2.10.RELEASE.jar:/Users/fengjinqi/Library/maven_repository/org/springframework/boot/spring-boot-autoconfigure/2.2.10.RELEASE/spring-boot-autoconfigure-2.2.10.RELEASE.jar:/Users/fengjinqi/Library/maven_repository/mysql/mysql-connector-java/8.0.21/mysql-connector-java-8.0.21.jar:/Users/fengjinqi/Library/maven_repository/com/alibaba/druid/1.1.21/druid-1.1.21.jar:/Users/fengjinqi/Library/maven_repository/log4j/log4j/1.2.17/log4j-1.2.17.jar:/Users/fengjinqi/Library/maven_repository/com/baomidou/mybatis-plus-boot-starter/3.4.0/mybatis-plus-boot-starter-3.4.0.jar:/Users/fengjinqi/Library/maven_repository/com/baomidou/mybatis-plus/3.4.0/mybatis-plus-3.4.0.jar:/Users/fengjinqi/Library/maven_repository/org/springframework/boot/spring-boot-starter-jdbc/2.2.10.RELEASE/spring-boot-starter-jdbc-2.2.10.RELEASE.jar:/Users/fengjinqi/Library/maven_repository/com/zaxxer/HikariCP/3.4.5/HikariCP-3.4.5.jar:/Users/fengjinqi/Library/maven_repository/org/springframework/spring-jdbc/5.2.9.RELEASE/spring-jdbc-5.2.9.RELEASE.jar:/Users/fengjinqi/Library/maven_repository/com/baomidou/mybatis-plus-generator/3.4.0/mybatis-plus-generator-3.4.0.jar:/Users/fengjinqi/Library/maven_repository/com/baomidou/mybatis-plus-extension/3.4.0/mybatis-plus-extension-3.4.0.jar:/Users/fengjinqi/Library/maven_repository/com/baomidou/mybatis-plus-core/3.4.0/mybatis-plus-core-3.4.0.jar:/Users/fengjinqi/Library/maven_repository/com/baomidou/mybatis-plus-annotation/3.4.0/mybatis-plus-annotation-3.4.0.jar:/Users/fengjinqi/Library/maven_repository/com/github/jsqlparser/jsqlparser/3.2/jsqlparser-3.2.jar:/Users/fengjinqi/Library/maven_repository/org/mybatis/mybatis/3.5.5/mybatis-3.5.5.jar:/Users/fengjinqi/Library/maven_repository/org/mybatis/mybatis-spring/2.0.5/mybatis-spring-2.0.5.jar:/Users/fengjinqi/Library/maven_repository/org/apache/velocity/velocity-engine-core/2.2/velocity-engine-core-2.2.jar:/Users/fengjinqi/Library/maven_repository/org/apache/commons/commons-lang3/3.9/commons-lang3-3.9.jar:/Users/fengjinqi/Library/maven_repository/org/slf4j/slf4j-api/1.7.30/slf4j-api-1.7.30.jar:/Users/fengjinqi/Library/maven_repository/org/springframework/boot/spring-boot-starter-mail/2.2.10.RELEASE/spring-boot-starter-mail-2.2.10.RELEASE.jar:/Users/fengjinqi/Library/maven_repository/org/springframework/spring-context-support/5.2.9.RELEASE/spring-context-support-5.2.9.RELEASE.jar:/Users/fengjinqi/Library/maven_repository/com/sun/mail/jakarta.mail/1.6.5/jakarta.mail-1.6.5.jar:/Users/fengjinqi/Library/maven_repository/com/sun/activation/jakarta.activation/1.2.2/jakarta.activation-1.2.2.jar:/Users/fengjinqi/Library/maven_repository/com/fasterxml/jackson/core/jackson-databind/2.9.10.6/jackson-databind-2.9.10.6.jar:/Users/fengjinqi/Library/maven_repository/com/fasterxml/jackson/core/jackson-annotations/2.10.5/jackson-annotations-2.10.5.jar:/Users/fengjinqi/Library/maven_repository/com/fasterxml/jackson/core/jackson-core/2.10.5/jackson-core-2.10.5.jar:/Users/fengjinqi/Library/maven_repository/io/springfox/springfox-swagger2/2.4.0/springfox-swagger2-2.4.0.jar:/Users/fengjinqi/Library/maven_repository/io/swagger/swagger-annotations/1.5.6/swagger-annotations-1.5.6.jar:/Users/fengjinqi/Library/maven_repository/io/swagger/swagger-models/1.5.6/swagger-models-1.5.6.jar:/Users/fengjinqi/Library/maven_repository/io/springfox/springfox-spi/2.4.0/springfox-spi-2.4.0.jar:/Users/fengjinqi/Library/maven_repository/io/springfox/springfox-core/2.4.0/springfox-core-2.4.0.jar:/Users/fengjinqi/Library/maven_repository/io/springfox/springfox-schema/2.4.0/springfox-schema-2.4.0.jar:/Users/fengjinqi/Library/maven_repository/io/springfox/springfox-swagger-common/2.4.0/springfox-swagger-common-2.4.0.jar:/Users/fengjinqi/Library/maven_repository/io/springfox/springfox-spring-web/2.4.0/springfox-spring-web-2.4.0.jar:/Users/fengjinqi/Library/maven_repository/com/google/guava/guava/18.0/guava-18.0.jar:/Users/fengjinqi/Library/maven_repository/com/fasterxml/classmate/1.5.1/classmate-1.5.1.jar:/Users/fengjinqi/Library/maven_repository/org/springframework/plugin/spring-plugin-core/1.2.0.RELEASE/spring-plugin-core-1.2.0.RELEASE.jar:/Users/fengjinqi/Library/maven_repository/org/springframework/plugin/spring-plugin-metadata/1.2.0.RELEASE/spring-plugin-metadata-1.2.0.RELEASE.jar:/Users/fengjinqi/Library/maven_repository/io/springfox/springfox-swagger-ui/2.4.0/springfox-swagger-ui-2.4.0.jar:/Users/fengjinqi/Library/maven_repository/com/github/xiaoymin/swagger-bootstrap-ui/1.6/swagger-bootstrap-ui-1.6.jar:/Users/fengjinqi/Library/maven_repository/io/jsonwebtoken/jjwt/0.9.1/jjwt-0.9.1.jar:/Users/fengjinqi/Library/maven_repository/javax/xml/bind/jaxb-api/2.3.0/jaxb-api-2.3.0.jar:/Users/fengjinqi/Library/maven_repository/com/aliyun/oss/aliyun-sdk-oss/3.10.2/aliyun-sdk-oss-3.10.2.jar:/Users/fengjinqi/Library/maven_repository/org/apache/httpcomponents/httpclient/4.5.12/httpclient-4.5.12.jar:/Users/fengjinqi/Library/maven_repository/org/apache/httpcomponents/httpcore/4.4.13/httpcore-4.4.13.jar:/Users/fengjinqi/Library/maven_repository/commons-codec/commons-codec/1.13/commons-codec-1.13.jar:/Users/fengjinqi/Library/maven_repository/org/jdom/jdom2/2.0.6/jdom2-2.0.6.jar:/Users/fengjinqi/Library/maven_repository/org/codehaus/jettison/jettison/1.1/jettison-1.1.jar:/Users/fengjinqi/Library/maven_repository/stax/stax-api/1.0.1/stax-api-1.0.1.jar:/Users/fengjinqi/Library/maven_repository/com/aliyun/aliyun-java-sdk-core/3.4.0/aliyun-java-sdk-core-3.4.0.jar:/Users/fengjinqi/Library/maven_repository/com/aliyun/aliyun-java-sdk-ram/3.0.0/aliyun-java-sdk-ram-3.0.0.jar:/Users/fengjinqi/Library/maven_repository/com/aliyun/aliyun-java-sdk-sts/3.0.0/aliyun-java-sdk-sts-3.0.0.jar:/Users/fengjinqi/Library/maven_repository/com/aliyun/aliyun-java-sdk-ecs/4.2.0/aliyun-java-sdk-ecs-4.2.0.jar:/Users/fengjinqi/Library/maven_repository/com/aliyun/aliyun-java-sdk-kms/2.7.0/aliyun-java-sdk-kms-2.7.0.jar:/Users/fengjinqi/Library/maven_repository/com/google/code/gson/gson/2.8.6/gson-2.8.6.jar:/Users/fengjinqi/Library/maven_repository/cn/hutool/hutool-all/5.4.1/hutool-all-5.4.1.jar:/Users/fengjinqi/Library/maven_repository/org/projectlombok/lombok/1.18.12/lombok-1.18.12.jar:/Users/fengjinqi/Library/maven_repository/org/springframework/boot/spring-boot-starter-test/2.2.10.RELEASE/spring-boot-starter-test-2.2.10.RELEASE.jar:/Users/fengjinqi/Library/maven_repository/org/springframework/boot/spring-boot-test/2.2.10.RELEASE/spring-boot-test-2.2.10.RELEASE.jar:/Users/fengjinqi/Library/maven_repository/org/springframework/boot/spring-boot-test-autoconfigure/2.2.10.RELEASE/spring-boot-test-autoconfigure-2.2.10.RELEASE.jar:/Users/fengjinqi/Library/maven_repository/com/jayway/jsonpath/json-path/2.4.0/json-path-2.4.0.jar:/Users/fengjinqi/Library/maven_repository/net/minidev/json-smart/2.3/json-smart-2.3.jar:/Users/fengjinqi/Library/maven_repository/net/minidev/accessors-smart/1.2/accessors-smart-1.2.jar:/Users/fengjinqi/Library/maven_repository/org/ow2/asm/asm/5.0.4/asm-5.0.4.jar:/Users/fengjinqi/Library/maven_repository/jakarta/xml/bind/jakarta.xml.bind-api/2.3.3/jakarta.xml.bind-api-2.3.3.jar:/Users/fengjinqi/Library/maven_repository/jakarta/activation/jakarta.activation-api/1.2.2/jakarta.activation-api-1.2.2.jar:/Users/fengjinqi/Library/maven_repository/org/junit/jupiter/junit-jupiter/5.5.2/junit-jupiter-5.5.2.jar:/Users/fengjinqi/Library/maven_repository/org/junit/jupiter/junit-jupiter-api/5.5.2/junit-jupiter-api-5.5.2.jar:/Users/fengjinqi/Library/maven_repository/org/apiguardian/apiguardian-api/1.1.0/apiguardian-api-1.1.0.jar:/Users/fengjinqi/Library/maven_repository/org/opentest4j/opentest4j/1.2.0/opentest4j-1.2.0.jar:/Users/fengjinqi/Library/maven_repository/org/junit/platform/junit-platform-commons/1.5.2/junit-platform-commons-1.5.2.jar:/Users/fengjinqi/Library/maven_repository/org/junit/jupiter/junit-jupiter-params/5.5.2/junit-jupiter-params-5.5.2.jar:/Users/fengjinqi/Library/maven_repository/org/junit/jupiter/junit-jupiter-engine/5.5.2/junit-jupiter-engine-5.5.2.jar:/Users/fengjinqi/Library/maven_repository/org/junit/platform/junit-platform-engine/1.5.2/junit-platform-engine-1.5.2.jar:/Users/fengjinqi/Library/maven_repository/org/mockito/mockito-junit-jupiter/3.1.0/mockito-junit-jupiter-3.1.0.jar:/Users/fengjinqi/Library/maven_repository/org/assertj/assertj-core/3.13.2/assertj-core-3.13.2.jar:/Users/fengjinqi/Library/maven_repository/org/hamcrest/hamcrest/2.1/hamcrest-2.1.jar:/Users/fengjinqi/Library/maven_repository/org/mockito/mockito-core/3.1.0/mockito-core-3.1.0.jar:/Users/fengjinqi/Library/maven_repository/net/bytebuddy/byte-buddy/1.10.14/byte-buddy-1.10.14.jar:/Users/fengjinqi/Library/maven_repository/net/bytebuddy/byte-buddy-agent/1.10.14/byte-buddy-agent-1.10.14.jar:/Users/fengjinqi/Library/maven_repository/org/objenesis/objenesis/2.6/objenesis-2.6.jar:/Users/fengjinqi/Library/maven_repository/org/skyscreamer/jsonassert/1.5.0/jsonassert-1.5.0.jar:/Users/fengjinqi/Library/maven_repository/com/vaadin/external/google/android-json/0.0.20131108.vaadin1/android-json-0.0.20131108.vaadin1.jar:/Users/fengjinqi/Library/maven_repository/org/springframework/spring-core/5.2.9.RELEASE/spring-core-5.2.9.RELEASE.jar:/Users/fengjinqi/Library/maven_repository/org/springframework/spring-jcl/5.2.9.RELEASE/spring-jcl-5.2.9.RELEASE.jar:/Users/fengjinqi/Library/maven_repository/org/springframework/spring-test/5.2.9.RELEASE/spring-test-5.2.9.RELEASE.jar:/Users/fengjinqi/Library/maven_repository/org/xmlunit/xmlunit-core/2.6.4/xmlunit-core-2.6.4.jar:/Users/fengjinqi/Library/maven_repository/io/projectreactor/reactor-test/3.3.10.RELEASE/reactor-test-3.3.10.RELEASE.jar:/Users/fengjinqi/Library/maven_repository/io/projectreactor/reactor-core/3.3.10.RELEASE/reactor-core-3.3.10.RELEASE.jar:/Users/fengjinqi/Library/maven_repository/org/reactivestreams/reactive-streams/1.0.3/reactive-streams-1.0.3.jar:/Users/fengjinqi/Library/maven_repository/junit/junit/4.12/junit-4.12.jar:/Users/fengjinqi/Library/maven_repository/org/hamcrest/hamcrest-core/2.1/hamcrest-core-2.1.jar:"/>
    <property name="sun.cpu.endian" value="little"/>
    <property name="user.home" value="/Users/fengjinqi"/>
    <property name="user.language" value="zh"/>
    <property name="java.specification.vendor" value="Oracle Corporation"/>
    <property name="java.version.date" value="2020-01-14"/>
    <property name="java.home" value="/Library/Java/JavaVirtualMachines/jdk-11.0.6.jdk/Contents/Home"/>
    <property name="file.separator" value="/"/>
    <property name="basedir" value="/Users/fengjinqi/Desktop/java/yystorm"/>
    <property name="java.vm.compressedOopsMode" value="Zero based"/>
    <property name="line.separator" value="&#10;"/>
    <property name="java.specification.name" value="Java Platform API Specification"/>
    <property name="java.vm.specification.vendor" value="Oracle Corporation"/>
    <property name="java.awt.graphicsenv" value="sun.awt.CGraphicsEnvironment"/>
    <property name="surefire.real.class.path" value="/Users/fengjinqi/Desktop/java/yystorm/target/surefire/surefirebooter17774796646078630344.jar"/>
    <property name="user.script" value="Hans"/>
    <property name="sun.management.compiler" value="HotSpot 64-Bit Tiered Compilers"/>
    <property name="java.runtime.version" value="11.0.6+8-LTS"/>
    <property name="user.name" value="fengjinqi"/>
    <property name="path.separator" value=":"/>
    <property name="os.version" value="10.15.1"/>
    <property name="java.runtime.name" value="Java(TM) SE Runtime Environment"/>
    <property name="file.encoding" value="UTF-8"/>
    <property name="java.vm.name" value="Java HotSpot(TM) 64-Bit Server VM"/>
    <property name="java.vendor.version" value="18.9"/>
    <property name="localRepository" value="/Users/fengjinqi/Library/maven_repository"/>
    <property name="java.vendor.url.bug" value="http://bugreport.java.com/bugreport/"/>
    <property name="java.io.tmpdir" value="/var/folders/cg/3vw19ch54zb43yx0jh4v24h40000gn/T/"/>
    <property name="java.version" value="11.0.6"/>
    <property name="user.dir" value="/Users/fengjinqi/Desktop/java/yystorm"/>
    <property name="os.arch" value="x86_64"/>
    <property name="java.vm.specification.name" value="Java Virtual Machine Specification"/>
    <property name="java.awt.printerjob" value="sun.lwawt.macosx.CPrinterJob"/>
    <property name="sun.os.patch.level" value="unknown"/>
    <property name="idea.version2019.3.5" value="true"/>
    <property name="java.library.path" value="/Users/fengjinqi/Library/Java/Extensions:/Library/Java/Extensions:/Network/Library/Java/Extensions:/System/Library/Java/Extensions:/usr/lib/java:."/>
    <property name="java.vendor" value="Oracle Corporation"/>
    <property name="java.vm.info" value="mixed mode"/>
    <property name="java.vm.version" value="11.0.6+8-LTS"/>
    <property name="sun.io.unicode.encoding" value="UnicodeBig"/>
    <property name="maven.repo.local" value="/Users/fengjinqi/Library/maven_repository"/>
    <property name="java.class.version" value="55.0"/>
  </properties>
  <testcase name="contextLoads" classname="com.yystorm.yystorm.YystormApplicationTests" time="0.349"/>
</testsuite>